<?xml version="1.0" encoding="UTF-8"?>
<!-- Generated by org.testng.reporters.JUnitReportReporter -->
<testsuite hostname="Igors-MBP-2.phub.net.cable.rogers.com" name="runner.Runner" tests="1" failures="0" timestamp="22 Nov 2019 18:28:11 GMT" time="77.917" errors="0">
  <testcase name="feature" time="77.917" classname="runner.Runner"/>
</testsuite> <!-- runner.Runner -->
